\BOOKMARK [1][-]{section.1}{\376\377\000G\000i\036\333\000i\000\040\000t\000h\000i\036\307\000u\000\040\000v\036\245\000n\000\040\001\021\036\301\000\040\000/\000\040\000I\000n\000t\000r\000o\000d\000u\000c\000t\000i\000o\000n}{}% 1
\BOOKMARK [2][-]{subsection.1.1}{\376\377\000M\036\345\000c\000\040\000t\000i\000\352\000u\000\040\000\046\000\040\000Y\000\352\000u\000\040\000c\036\247\000u}{section.1}% 2
\BOOKMARK [2][-]{subsection.1.2}{\376\377\001\020\036\331\000n\000g\000\040\000l\036\361\000c\000\040\000t\000h\036\361\000c\000\040\000h\000i\036\307\000n\000\040\000\050\000M\000o\000t\000i\000v\000a\000t\000i\000o\000n\000s\000\051}{section.1}% 3
\BOOKMARK [2][-]{subsection.1.3}{\376\377\000L\000u\036\255\000t\000\040\000c\000h\001\241\000i\000\040\000c\001\241\000\040\000b\036\243\000n}{section.1}% 4
\BOOKMARK [2][-]{subsection.1.4}{\376\377\000T\000\355\000n\000h\000\040\000n\001\003\000n\000g\000\040\000g\000i\000a\000o\000\040\000d\000i\036\307\000n\000\040\000\050\000U\000I\000\040\000F\000e\000a\000t\000u\000r\000e\000s\000\051}{section.1}% 5
\BOOKMARK [1][-]{section.2}{\376\377\000N\000g\000h\000i\000\352\000n\000\040\000c\036\351\000u\000\040\000l\000i\000\352\000n\000\040\000q\000u\000a\000n\000\040\000/\000\040\000R\000e\000l\000a\000t\000e\000d\000\040\000w\000o\000r\000k}{}% 6
\BOOKMARK [1][-]{section.3}{\376\377\000C\001\241\000\040\000s\036\337\000\040\000l\000\375\000\040\000t\000h\000u\000y\036\277\000t\000\040\000/\000\040\000B\000a\000c\000k\000g\000r\000o\000u\000n\000d\000\040\000\046\000\040\000T\000h\000e\000o\000r\000e\000t\000i\000c\000a\000l\000\040\000F\000o\000u\000n\000d\000a\000t\000i\000o\000n\000s}{}% 7
\BOOKMARK [2][-]{subsection.3.1}{\376\377\000M\000\364\000\040\000h\000\354\000n\000h\000\040\000M\000V\000C\000\040\000\050\000M\000o\000d\000e\000l\000\040\000-\000\040\000V\000i\000e\000w\000\040\000-\000\040\000C\000o\000n\000t\000r\000o\000l\000l\000e\000r\000\051}{section.3}% 8
\BOOKMARK [2][-]{subsection.3.2}{\376\377\000T\000\354\000m\000\040\000k\000i\036\277\000m\000\040\000t\000h\000e\000o\000\040\000c\000h\000i\036\301\000u\000\040\000s\000\342\000u\000\040\000\050\000D\000e\000p\000t\000h\000-\000F\000i\000r\000s\000t\000\040\000S\000e\000a\000r\000c\000h\000\040\000-\000\040\000D\000F\000S\000\051}{section.3}% 9
\BOOKMARK [2][-]{subsection.3.3}{\376\377\000S\000u\000y\000\040\000l\000u\036\255\000n\000\040\000M\036\307\000n\000h\000\040\001\021\036\301\000\040\000\050\000P\000r\000o\000p\000o\000s\000i\000t\000i\000o\000n\000a\000l\000\040\000L\000o\000g\000i\000c\000\051\000\040\000\046\000\040\000R\000\340\000n\000g\000\040\000b\000u\036\331\000c\000\040\000\050\000C\000o\000n\000s\000t\000r\000a\000i\000n\000t\000s\000\051}{section.3}% 10
\BOOKMARK [1][-]{section.4}{\376\377\000P\000h\001\260\001\241\000n\000g\000\040\000\341\000n\000\040\001\021\036\301\000\040\000x\000u\036\245\000t\000\040\000/\000\040\000M\000e\000t\000h\000o\000d\000o\000l\000o\000g\000i\000e\000s}{}% 11
\BOOKMARK [2][-]{subsection.4.1}{\376\377\000K\000i\036\277\000n\000\040\000t\000r\000\372\000c\000\040\000\046\000\040\000T\000h\000i\036\277\000t\000\040\000k\036\277\000\040\000\050\000A\000r\000c\000h\000i\000t\000e\000c\000t\000u\000r\000e\000\040\000\046\000\040\000D\000e\000s\000i\000g\000n\000\051}{section.4}% 12
\BOOKMARK [3][-]{subsubsection.4.1.1}{\376\377\000C\000\341\000c\000\040\000t\000h\000\340\000n\000h\000\040\000p\000h\036\247\000n\000\040\000v\000\340\000\040\000T\036\325\000\040\000c\000h\036\351\000c\000\040\000m\000\343\000\040\000n\000g\000u\036\323\000n}{subsection.4.1}% 13
\BOOKMARK [3][-]{subsubsection.4.1.2}{\376\377\000C\000h\000i\036\277\000n\000\040\000l\001\260\036\343\000c\000\040\000"\000A\000n\000\040\000t\000o\000\340\000n\000\040\000l\001\260\036\343\000t\000\040\001\021\036\247\000u\000"\000\050\000F\000i\000r\000s\000t\000-\000C\000l\000i\000c\000k\000\040\000S\000a\000f\000e\000t\000y\000\051}{subsection.4.1}% 14
\BOOKMARK [2][-]{subsection.4.2}{\376\377\000T\000h\000u\036\255\000t\000\040\000t\000o\000\341\000n\000\040\000D\000e\000p\000t\000h\000-\000F\000i\000r\000s\000t\000\040\000S\000e\000a\000r\000c\000h\000\040\000c\000h\000o\000\040\000c\001\241\000\040\000c\000h\036\277\000\040\000F\000l\000o\000o\000d\000\040\000F\000i\000l\000l}{section.4}% 15
\BOOKMARK [2][-]{subsection.4.3}{\376\377\000A\000I\000\040\000S\000o\000l\000v\000e\000r\000\040\0003\000\040\000T\036\247\000n\000g}{section.4}% 16
\BOOKMARK [3][-]{subsubsection.4.3.1}{\376\377\000T\036\247\000n\000g\000\040\0001\000:\000\040\000P\000r\000o\000p\000o\000s\000i\000t\000i\000o\000n\000a\000l\000\040\000L\000o\000g\000i\000c\000\040\000\050\000S\000u\000y\000\040\000l\000u\036\255\000n\000\040\000M\036\307\000n\000h\000\040\001\021\036\301\000\051}{subsection.4.3}% 17
\BOOKMARK [3][-]{subsubsection.4.3.2}{\376\377\000T\036\247\000n\000g\000\040\0002\000:\000\040\000D\000F\000S\000\040\000B\000a\000c\000k\000t\000r\000a\000c\000k\000i\000n\000g\000\040\000\050\000T\000h\036\317\000a\000\040\000m\000\343\000n\000\040\000R\000\340\000n\000g\000\040\000b\000u\036\331\000c\000\051}{subsection.4.3}% 18
\BOOKMARK [3][-]{subsubsection.4.3.3}{\376\377\000T\036\247\000n\000g\000\040\0003\000:\000\040\000E\000d\000u\000c\000a\000t\000e\000d\000\040\000G\000u\000e\000s\000s\000\040\000\050\000D\036\361\000\040\001\021\000o\000\341\000n\000\040\000X\000\341\000c\000\040\000s\000u\036\245\000t\000\051}{subsection.4.3}% 19
\BOOKMARK [1][-]{section.5}{\376\377\000K\036\277\000t\000\040\000q\000u\036\243\000\040\000\046\000\040\000P\000h\000\342\000n\000\040\000t\000\355\000c\000h\000\040\000/\000\040\000R\000e\000s\000u\000l\000t\000s\000\040\000\046\000\040\000D\000i\000s\000c\000u\000s\000s\000i\000o\000n}{}% 20
\BOOKMARK [2][-]{subsection.5.1}{\376\377\000T\000r\036\243\000i\000\040\000n\000g\000h\000i\036\307\000m\000\040\000G\000i\000a\000o\000\040\000d\000i\036\307\000n\000\040\000v\000\340\000\040\000L\000u\036\255\000t\000\040\000c\000h\001\241\000i}{section.5}% 21
\BOOKMARK [2][-]{subsection.5.2}{\376\377\000H\000i\036\307\000u\000\040\000n\001\003\000n\000g\000\040\000g\000i\036\243\000i\000\040\000q\000u\000y\036\277\000t\000\040\000c\036\347\000a\000\040\000A\000I\000\040\000S\000o\000l\000v\000e\000r}{section.5}% 22
\BOOKMARK [1][-]{section.6}{\376\377\000T\000h\000\341\000c\000h\000\040\000t\000h\036\351\000c\000\040\000\046\000\040\000H\036\241\000n\000\040\000c\000h\036\277\000\040\000/\000\040\000C\000h\000a\000l\000l\000e\000n\000g\000e\000s\000\040\000\046\000\040\000L\000i\000m\000i\000t\000a\000t\000i\000o\000n\000s}{}% 23
\BOOKMARK [1][-]{section.7}{\376\377\000K\036\277\000t\000\040\000l\000u\036\255\000n\000\040\000\046\000\040\000H\001\260\036\333\000n\000g\000\040\000p\000h\000\341\000t\000\040\000t\000r\000i\036\303\000n\000\040\000t\000r\000o\000n\000g\000\040\000t\001\260\001\241\000n\000g\000\040\000l\000a\000i\000\040\000/\000\040\000C\000o\000n\000c\000l\000u\000s\000i\000o\000n\000\040\000a\000n\000d\000\040\000F\000u\000t\000u\000r\000e\000\040\000W\000o\000r\000k\000s}{}% 24
\BOOKMARK [2][-]{subsection.7.1}{\376\377\000K\036\277\000t\000\040\000l\000u\036\255\000n}{section.7}% 25
\BOOKMARK [2][-]{subsection.7.2}{\376\377\000H\001\260\036\333\000n\000g\000\040\000p\000h\000\341\000t\000\040\000t\000r\000i\036\303\000n\000\040\000t\000r\000o\000n\000g\000\040\000t\001\260\001\241\000n\000g\000\040\000l\000a\000i}{section.7}% 26
\BOOKMARK [1][-]{section.8}{\376\377\000T\000\340\000i\000\040\000l\000i\036\307\000u\000\040\000t\000h\000a\000m\000\040\000k\000h\036\243\000o\000\040\000/\000\040\000R\000e\000f\000e\000r\000e\000n\000c\000e\000s}{}% 27
